app/build/intermediates/manifest_merge_blame_file/debug/manifest-merger-blame-debug-report.txt
1<?xml version="1.0" encoding="utf-8"?>
2<manifest xmlns:android="http://schemas.android.com/apk/res/android"
3    package="com.google.mlkit.vision.demo"
4    android:installLocation="auto"
5    android:versionCode="11"
6    android:versionName="1.11" >
7    <!--
8 CameraX libraries require minSdkVersion 21, while this quickstart app
9    supports low to 19. Needs to use overrideLibrary to make the merger tool
10    ignore this conflict and import the libraries while keeping the app's lower
11    minSdkVersion value. In code, will check SDK version, before calling CameraX
12    APIs.
13    -->
14    <uses-sdk
14-->src\main\AndroidManifest.xml:12:5-16:60
15        android:minSdkVersion="19"
15-->src\main\AndroidManifest.xml:12:5-16:60
16        android:targetSdkVersion="34" />
16-->src\main\AndroidManifest.xml:12:5-16:60
17
18    <uses-feature android:name="android.hardware.camera" />
18-->src\main\AndroidManifest.xml:18:5-59
18-->src\main\AndroidManifest.xml:18:19-57
19
20    <uses-permission android:name="android.permission.INTERNET" />
20-->src\main\AndroidManifest.xml:20:5-66
20-->src\main\AndroidManifest.xml:20:22-64
21    <uses-permission android:name="android.permission.WRITE_EXTERNAL_STORAGE" />
21-->src\main\AndroidManifest.xml:21:5-80
21-->src\main\AndroidManifest.xml:21:22-78
22    <uses-permission android:name="android.permission.READ_EXTERNAL_STORAGE" />
22-->src\main\AndroidManifest.xml:22:5-79
22-->src\main\AndroidManifest.xml:22:22-77
23    <uses-permission android:name="android.permission.CAMERA" />
23-->src\main\AndroidManifest.xml:23:5-64
23-->src\main\AndroidManifest.xml:23:22-62
24
25    <queries>
25-->src\main\AndroidManifest.xml:74:5-78:15
26        <intent>
26-->src\main\AndroidManifest.xml:75:9-77:18
27            <action android:name="android.media.action.IMAGE_CAPTURE" />
27-->src\main\AndroidManifest.xml:76:13-73
27-->src\main\AndroidManifest.xml:76:21-70
28        </intent>
29    </queries>
30
31    <!-- For remote config -->
32    <uses-permission android:name="android.permission.ACCESS_NETWORK_STATE" />
32-->[com.google.mlkit:pose-detection-common:18.0.0-beta4] AndroidManifest.xml:7:5-79
32-->[com.google.mlkit:pose-detection-common:18.0.0-beta4] AndroidManifest.xml:7:22-76
33    <uses-permission android:name="android.permission.WAKE_LOCK" />
33-->[androidx.work:work-runtime:2.7.0] AndroidManifest.xml:25:5-68
33-->[androidx.work:work-runtime:2.7.0] AndroidManifest.xml:25:22-65
34    <uses-permission android:name="android.permission.RECEIVE_BOOT_COMPLETED" />
34-->[androidx.work:work-runtime:2.7.0] AndroidManifest.xml:27:5-81
34-->[androidx.work:work-runtime:2.7.0] AndroidManifest.xml:27:22-78
35    <uses-permission android:name="android.permission.FOREGROUND_SERVICE" />
35-->[androidx.work:work-runtime:2.7.0] AndroidManifest.xml:28:5-77
35-->[androidx.work:work-runtime:2.7.0] AndroidManifest.xml:28:22-74
36
37    <permission
37-->[androidx.core:core:1.9.0] AndroidManifest.xml:22:5-24:47
38        android:name="com.google.mlkit.vision.demo.DYNAMIC_RECEIVER_NOT_EXPORTED_PERMISSION"
38-->[androidx.core:core:1.9.0] AndroidManifest.xml:23:9-81
39        android:protectionLevel="signature" />
39-->[androidx.core:core:1.9.0] AndroidManifest.xml:24:9-44
40
41    <uses-permission android:name="com.google.mlkit.vision.demo.DYNAMIC_RECEIVER_NOT_EXPORTED_PERMISSION" />
41-->[androidx.core:core:1.9.0] AndroidManifest.xml:26:5-97
41-->[androidx.core:core:1.9.0] AndroidManifest.xml:26:22-94
42
43    <application
43-->src\main\AndroidManifest.xml:25:5-73:19
44        android:name="androidx.multidex.MultiDexApplication"
44-->src\main\AndroidManifest.xml:26:9-61
45        android:appComponentFactory="androidx.core.app.CoreComponentFactory"
45-->[androidx.core:core:1.9.0] AndroidManifest.xml:28:18-86
46        android:debuggable="true"
47        android:icon="@drawable/logo_mlkit"
47-->src\main\AndroidManifest.xml:27:9-44
48        android:label="@string/app_name"
48-->src\main\AndroidManifest.xml:28:9-41
49        android:testOnly="true"
50        android:theme="@style/Theme.AppCompat" >
50-->src\main\AndroidManifest.xml:29:9-47
51        <meta-data
51-->src\main\AndroidManifest.xml:31:9-33:68
52            android:name="com.google.android.gms.version"
52-->src\main\AndroidManifest.xml:32:13-58
53            android:value="@integer/google_play_services_version" />
53-->src\main\AndroidManifest.xml:33:13-66
54
55        <!--
56          Optional: Add it to automatically download ML model to device after
57          your app is installed.
58        -->
59        <meta-data
59-->src\main\AndroidManifest.xml:37:9-39:129
60            android:name="com.google.mlkit.vision.DEPENDENCIES"
60-->src\main\AndroidManifest.xml:38:13-64
61            android:value="barcode,face,ocr,ocr_chinese,ocr_devanagari,ocr_japanese,ocr_korean,ica,custom_ica,subject_segment" />
61-->src\main\AndroidManifest.xml:39:13-127
62
63        <activity
63-->src\main\AndroidManifest.xml:41:9-49:20
64            android:name="com.google.mlkit.vision.demo.java.ChooserActivity"
64-->src\main\AndroidManifest.xml:42:13-49
65            android:exported="true"
65-->src\main\AndroidManifest.xml:43:13-36
66            android:theme="@style/AppTheme" >
66-->src\main\AndroidManifest.xml:44:13-44
67            <intent-filter>
67-->src\main\AndroidManifest.xml:45:13-48:29
68                <action android:name="android.intent.action.MAIN" />
68-->src\main\AndroidManifest.xml:46:17-68
68-->src\main\AndroidManifest.xml:46:25-66
69
70                <category android:name="android.intent.category.LAUNCHER" />
70-->src\main\AndroidManifest.xml:47:17-76
70-->src\main\AndroidManifest.xml:47:27-74
71            </intent-filter>
72        </activity>
73        <activity
73-->src\main\AndroidManifest.xml:51:9-55:20
74            android:name="com.google.mlkit.vision.demo.java.LivePreviewActivity"
74-->src\main\AndroidManifest.xml:52:13-53
75            android:exported="false"
75-->src\main\AndroidManifest.xml:53:13-37
76            android:theme="@style/AppTheme" >
76-->src\main\AndroidManifest.xml:54:13-44
77        </activity>
78        <activity
78-->src\main\AndroidManifest.xml:57:9-61:20
79            android:name="com.google.mlkit.vision.demo.java.CameraXLivePreviewActivity"
79-->src\main\AndroidManifest.xml:58:13-60
80            android:exported="false"
80-->src\main\AndroidManifest.xml:59:13-37
81            android:theme="@style/AppTheme" >
81-->src\main\AndroidManifest.xml:60:13-44
82        </activity>
83        <activity
83-->src\main\AndroidManifest.xml:63:9-67:20
84            android:name="com.google.mlkit.vision.demo.java.CameraXSourceDemoActivity"
84-->src\main\AndroidManifest.xml:64:13-59
85            android:exported="false"
85-->src\main\AndroidManifest.xml:65:13-37
86            android:theme="@style/AppTheme" >
86-->src\main\AndroidManifest.xml:66:13-44
87        </activity>
88        <activity
88-->src\main\AndroidManifest.xml:69:9-71:39
89            android:name="com.google.mlkit.vision.demo.preference.SettingsActivity"
89-->src\main\AndroidManifest.xml:70:13-56
90            android:exported="false" />
90-->src\main\AndroidManifest.xml:71:13-37
91
92        <!--
93             Required for ML Kit Pose Detection GPU acceleration. Applications that target Android
94             S+ require explicit declaration of any referenced vendor-provided libraries.
95        -->
96        <uses-native-library
96-->[com.google.mlkit:pose-detection-common:18.0.0-beta4] AndroidManifest.xml:16:9-18:40
97            android:name="libOpenCL.so"
97-->[com.google.mlkit:pose-detection-common:18.0.0-beta4] AndroidManifest.xml:17:13-40
98            android:required="false" />
98-->[com.google.mlkit:pose-detection-common:18.0.0-beta4] AndroidManifest.xml:18:13-37
99        <uses-native-library
99-->[com.google.mlkit:pose-detection-common:18.0.0-beta4] AndroidManifest.xml:16:9-18:40
100            android:name="libOpenCL-car.so"
100-->[com.google.mlkit:pose-detection-common:18.0.0-beta4] AndroidManifest.xml:17:13-40
101            android:required="false" />
101-->[com.google.mlkit:pose-detection-common:18.0.0-beta4] AndroidManifest.xml:18:13-37
102        <uses-native-library
102-->[com.google.mlkit:pose-detection-common:18.0.0-beta4] AndroidManifest.xml:16:9-18:40
103            android:name="libOpenCL-pixel.so"
103-->[com.google.mlkit:pose-detection-common:18.0.0-beta4] AndroidManifest.xml:17:13-40
104            android:required="false" />
104-->[com.google.mlkit:pose-detection-common:18.0.0-beta4] AndroidManifest.xml:18:13-37
105
106        <service
106-->[com.google.mlkit:pose-detection-common:18.0.0-beta4] AndroidManifest.xml:26:9-32:19
107            android:name="com.google.mlkit.common.internal.MlKitComponentDiscoveryService"
107-->[com.google.mlkit:pose-detection-common:18.0.0-beta4] AndroidManifest.xml:27:13-91
108            android:directBootAware="true"
108-->[com.google.mlkit:common:18.10.0] AndroidManifest.xml:17:13-43
109            android:exported="false" >
109-->[com.google.mlkit:pose-detection-common:18.0.0-beta4] AndroidManifest.xml:28:13-37
110            <meta-data
110-->[com.google.mlkit:pose-detection-common:18.0.0-beta4] AndroidManifest.xml:29:13-31:85
111                android:name="com.google.firebase.components:com.google.mlkit.vision.pose.internal.PoseRegistrar"
111-->[com.google.mlkit:pose-detection-common:18.0.0-beta4] AndroidManifest.xml:30:17-114
112                android:value="com.google.firebase.components.ComponentRegistrar" />
112-->[com.google.mlkit:pose-detection-common:18.0.0-beta4] AndroidManifest.xml:31:17-82
113            <meta-data
113-->[com.google.mlkit:object-detection:17.0.1] AndroidManifest.xml:14:13-16:85
114                android:name="com.google.firebase.components:com.google.mlkit.vision.objects.defaults.internal.DefaultObjectsRegistrar"
114-->[com.google.mlkit:object-detection:17.0.1] AndroidManifest.xml:15:17-136
115                android:value="com.google.firebase.components.ComponentRegistrar" />
115-->[com.google.mlkit:object-detection:17.0.1] AndroidManifest.xml:16:17-82
116            <meta-data
116-->[com.google.mlkit:object-detection-custom:17.0.1] AndroidManifest.xml:11:13-13:85
117                android:name="com.google.firebase.components:com.google.mlkit.vision.objects.custom.internal.CustomObjectsRegistrar"
117-->[com.google.mlkit:object-detection-custom:17.0.1] AndroidManifest.xml:12:17-133
118                android:value="com.google.firebase.components.ComponentRegistrar" />
118-->[com.google.mlkit:object-detection-custom:17.0.1] AndroidManifest.xml:13:17-82
119            <meta-data
119-->[com.google.mlkit:image-labeling:17.0.8] AndroidManifest.xml:11:13-13:85
120                android:name="com.google.firebase.components:com.google.mlkit.vision.label.defaults.internal.BundledLabelRegistrar"
120-->[com.google.mlkit:image-labeling:17.0.8] AndroidManifest.xml:12:17-132
121                android:value="com.google.firebase.components.ComponentRegistrar" />
121-->[com.google.mlkit:image-labeling:17.0.8] AndroidManifest.xml:13:17-82
122            <meta-data
122-->[com.google.mlkit:image-labeling-custom:17.0.2] AndroidManifest.xml:11:13-13:85
123                android:name="com.google.firebase.components:com.google.mlkit.vision.label.custom.internal.CustomLabelRegistrar"
123-->[com.google.mlkit:image-labeling-custom:17.0.2] AndroidManifest.xml:12:17-129
124                android:value="com.google.firebase.components.ComponentRegistrar" />
124-->[com.google.mlkit:image-labeling-custom:17.0.2] AndroidManifest.xml:13:17-82
125            <meta-data
125-->[com.google.mlkit:segmentation-selfie:16.0.0-beta5] AndroidManifest.xml:12:13-14:85
126                android:name="com.google.firebase.components:com.google.mlkit.vision.segmentation.internal.SegmentationRegistrar"
126-->[com.google.mlkit:segmentation-selfie:16.0.0-beta5] AndroidManifest.xml:13:17-130
127                android:value="com.google.firebase.components.ComponentRegistrar" />
127-->[com.google.mlkit:segmentation-selfie:16.0.0-beta5] AndroidManifest.xml:14:17-82
128            <meta-data
128-->[com.google.mlkit:face-mesh-detection:16.0.0-beta2] AndroidManifest.xml:11:13-13:85
129                android:name="com.google.firebase.components:com.google.mlkit.vision.facemesh.internal.FaceMeshRegistrar"
129-->[com.google.mlkit:face-mesh-detection:16.0.0-beta2] AndroidManifest.xml:12:17-122
130                android:value="com.google.firebase.components.ComponentRegistrar" />
130-->[com.google.mlkit:face-mesh-detection:16.0.0-beta2] AndroidManifest.xml:13:17-82
131            <meta-data
131-->[com.google.android.gms:play-services-mlkit-subject-segmentation:16.0.0-beta1] AndroidManifest.xml:11:13-13:85
132                android:name="com.google.firebase.components:com.google.mlkit.vision.segmentation.subject.internal.SubjectSegmentationRegistrar"
132-->[com.google.android.gms:play-services-mlkit-subject-segmentation:16.0.0-beta1] AndroidManifest.xml:12:17-145
133                android:value="com.google.firebase.components.ComponentRegistrar" />
133-->[com.google.android.gms:play-services-mlkit-subject-segmentation:16.0.0-beta1] AndroidManifest.xml:13:17-82
134            <meta-data
134-->[com.google.android.gms:play-services-mlkit-barcode-scanning:18.3.0] AndroidManifest.xml:12:13-14:85
135                android:name="com.google.firebase.components:com.google.mlkit.vision.barcode.internal.BarcodeRegistrar"
135-->[com.google.android.gms:play-services-mlkit-barcode-scanning:18.3.0] AndroidManifest.xml:13:17-120
136                android:value="com.google.firebase.components.ComponentRegistrar" />
136-->[com.google.android.gms:play-services-mlkit-barcode-scanning:18.3.0] AndroidManifest.xml:14:17-82
137            <meta-data
137-->[com.google.mlkit:vision-internal-vkp:18.2.2] AndroidManifest.xml:14:13-16:85
138                android:name="com.google.firebase.components:com.google.mlkit.vision.vkp.VkpRegistrar"
138-->[com.google.mlkit:vision-internal-vkp:18.2.2] AndroidManifest.xml:15:17-103
139                android:value="com.google.firebase.components.ComponentRegistrar" />
139-->[com.google.mlkit:vision-internal-vkp:18.2.2] AndroidManifest.xml:16:17-82
140            <meta-data
140-->[com.google.android.gms:play-services-mlkit-face-detection:17.1.0] AndroidManifest.xml:12:13-14:85
141                android:name="com.google.firebase.components:com.google.mlkit.vision.face.internal.FaceRegistrar"
141-->[com.google.android.gms:play-services-mlkit-face-detection:17.1.0] AndroidManifest.xml:13:17-114
142                android:value="com.google.firebase.components.ComponentRegistrar" />
142-->[com.google.android.gms:play-services-mlkit-face-detection:17.1.0] AndroidManifest.xml:14:17-82
143            <meta-data
143-->[com.google.android.gms:play-services-mlkit-text-recognition-common:19.0.0] AndroidManifest.xml:12:13-14:85
144                android:name="com.google.firebase.components:com.google.mlkit.vision.text.internal.TextRegistrar"
144-->[com.google.android.gms:play-services-mlkit-text-recognition-common:19.0.0] AndroidManifest.xml:13:17-114
145                android:value="com.google.firebase.components.ComponentRegistrar" />
145-->[com.google.android.gms:play-services-mlkit-text-recognition-common:19.0.0] AndroidManifest.xml:14:17-82
146            <meta-data
146-->[com.google.mlkit:vision-common:17.3.0] AndroidManifest.xml:12:13-14:85
147                android:name="com.google.firebase.components:com.google.mlkit.vision.common.internal.VisionCommonRegistrar"
147-->[com.google.mlkit:vision-common:17.3.0] AndroidManifest.xml:13:17-124
148                android:value="com.google.firebase.components.ComponentRegistrar" />
148-->[com.google.mlkit:vision-common:17.3.0] AndroidManifest.xml:14:17-82
149            <meta-data
149-->[com.google.mlkit:common:18.10.0] AndroidManifest.xml:20:13-22:85
150                android:name="com.google.firebase.components:com.google.mlkit.common.internal.CommonComponentRegistrar"
150-->[com.google.mlkit:common:18.10.0] AndroidManifest.xml:21:17-120
151                android:value="com.google.firebase.components.ComponentRegistrar" />
151-->[com.google.mlkit:common:18.10.0] AndroidManifest.xml:22:17-82
152        </service>
153        <service
153-->[com.google.mlkit:acceleration:16.0.0-beta2] AndroidManifest.xml:8:9-11:68
154            android:name="com.google.mlkit.acceleration.internal.MlKitRemoteWorkerService"
154-->[com.google.mlkit:acceleration:16.0.0-beta2] AndroidManifest.xml:9:13-91
155            android:exported="false"
155-->[com.google.mlkit:acceleration:16.0.0-beta2] AndroidManifest.xml:10:13-37
156            android:process=":mlkit_acceleration_mini_benchmark" />
156-->[com.google.mlkit:acceleration:16.0.0-beta2] AndroidManifest.xml:11:13-65
157        <service
157-->[androidx.work:work-multiprocess:2.7.0] AndroidManifest.xml:25:9-27:40
158            android:name="androidx.work.multiprocess.RemoteWorkManagerService"
158-->[androidx.work:work-multiprocess:2.7.0] AndroidManifest.xml:26:13-79
159            android:exported="false" />
159-->[androidx.work:work-multiprocess:2.7.0] AndroidManifest.xml:27:13-37
160
161        <provider
161-->[com.google.mlkit:common:18.10.0] AndroidManifest.xml:9:9-13:38
162            android:name="com.google.mlkit.common.internal.MlKitInitProvider"
162-->[com.google.mlkit:common:18.10.0] AndroidManifest.xml:10:13-78
163            android:authorities="com.google.mlkit.vision.demo.mlkitinitprovider"
163-->[com.google.mlkit:common:18.10.0] AndroidManifest.xml:11:13-69
164            android:exported="false"
164-->[com.google.mlkit:common:18.10.0] AndroidManifest.xml:12:13-37
165            android:initOrder="99" />
165-->[com.google.mlkit:common:18.10.0] AndroidManifest.xml:13:13-35
166
167        <activity
167-->[com.google.android.gms:play-services-base:18.3.0] AndroidManifest.xml:20:9-22:45
168            android:name="com.google.android.gms.common.api.GoogleApiActivity"
168-->[com.google.android.gms:play-services-base:18.3.0] AndroidManifest.xml:20:19-85
169            android:exported="false"
169-->[com.google.android.gms:play-services-base:18.3.0] AndroidManifest.xml:22:19-43
170            android:theme="@android:style/Theme.Translucent.NoTitleBar" />
170-->[com.google.android.gms:play-services-base:18.3.0] AndroidManifest.xml:21:19-78
171
172        <provider
172-->[androidx.work:work-runtime:2.7.0] AndroidManifest.xml:31:9-39:20
173            android:name="androidx.startup.InitializationProvider"
173-->[androidx.work:work-runtime:2.7.0] AndroidManifest.xml:32:13-67
174            android:authorities="com.google.mlkit.vision.demo.androidx-startup"
174-->[androidx.work:work-runtime:2.7.0] AndroidManifest.xml:33:13-68
175            android:exported="false" >
175-->[androidx.work:work-runtime:2.7.0] AndroidManifest.xml:34:13-37
176            <meta-data
176-->[androidx.work:work-runtime:2.7.0] AndroidManifest.xml:36:13-38:52
177                android:name="androidx.work.WorkManagerInitializer"
177-->[androidx.work:work-runtime:2.7.0] AndroidManifest.xml:37:17-68
178                android:value="androidx.startup" />
178-->[androidx.work:work-runtime:2.7.0] AndroidManifest.xml:38:17-49
179            <meta-data
179-->[androidx.emoji2:emoji2:1.2.0] AndroidManifest.xml:29:13-31:52
180                android:name="androidx.emoji2.text.EmojiCompatInitializer"
180-->[androidx.emoji2:emoji2:1.2.0] AndroidManifest.xml:30:17-75
181                android:value="androidx.startup" />
181-->[androidx.emoji2:emoji2:1.2.0] AndroidManifest.xml:31:17-49
182            <meta-data
182-->[androidx.lifecycle:lifecycle-process:2.4.1] AndroidManifest.xml:31:13-33:52
183                android:name="androidx.lifecycle.ProcessLifecycleInitializer"
183-->[androidx.lifecycle:lifecycle-process:2.4.1] AndroidManifest.xml:32:17-78
184                android:value="androidx.startup" />
184-->[androidx.lifecycle:lifecycle-process:2.4.1] AndroidManifest.xml:33:17-49
185        </provider>
186
187        <service
187-->[androidx.work:work-runtime:2.7.0] AndroidManifest.xml:41:9-46:35
188            android:name="androidx.work.impl.background.systemalarm.SystemAlarmService"
188-->[androidx.work:work-runtime:2.7.0] AndroidManifest.xml:42:13-88
189            android:directBootAware="false"
189-->[androidx.work:work-runtime:2.7.0] AndroidManifest.xml:43:13-44
190            android:enabled="@bool/enable_system_alarm_service_default"
190-->[androidx.work:work-runtime:2.7.0] AndroidManifest.xml:44:13-72
191            android:exported="false" />
191-->[androidx.work:work-runtime:2.7.0] AndroidManifest.xml:45:13-37
192        <service
192-->[androidx.work:work-runtime:2.7.0] AndroidManifest.xml:47:9-53:35
193            android:name="androidx.work.impl.background.systemjob.SystemJobService"
193-->[androidx.work:work-runtime:2.7.0] AndroidManifest.xml:48:13-84
194            android:directBootAware="false"
194-->[androidx.work:work-runtime:2.7.0] AndroidManifest.xml:49:13-44
195            android:enabled="@bool/enable_system_job_service_default"
195-->[androidx.work:work-runtime:2.7.0] AndroidManifest.xml:50:13-70
196            android:exported="true"
196-->[androidx.work:work-runtime:2.7.0] AndroidManifest.xml:51:13-36
197            android:permission="android.permission.BIND_JOB_SERVICE" />
197-->[androidx.work:work-runtime:2.7.0] AndroidManifest.xml:52:13-69
198        <service
198-->[androidx.work:work-runtime:2.7.0] AndroidManifest.xml:54:9-59:35
199            android:name="androidx.work.impl.foreground.SystemForegroundService"
199-->[androidx.work:work-runtime:2.7.0] AndroidManifest.xml:55:13-81
200            android:directBootAware="false"
200-->[androidx.work:work-runtime:2.7.0] AndroidManifest.xml:56:13-44
201            android:enabled="@bool/enable_system_foreground_service_default"
201-->[androidx.work:work-runtime:2.7.0] AndroidManifest.xml:57:13-77
202            android:exported="false" />
202-->[androidx.work:work-runtime:2.7.0] AndroidManifest.xml:58:13-37
203
204        <receiver
204-->[androidx.work:work-runtime:2.7.0] AndroidManifest.xml:61:9-66:35
205            android:name="androidx.work.impl.utils.ForceStopRunnable$BroadcastReceiver"
205-->[androidx.work:work-runtime:2.7.0] AndroidManifest.xml:62:13-88
206            android:directBootAware="false"
206-->[androidx.work:work-runtime:2.7.0] AndroidManifest.xml:63:13-44
207            android:enabled="true"
207-->[androidx.work:work-runtime:2.7.0] AndroidManifest.xml:64:13-35
208            android:exported="false" />
208-->[androidx.work:work-runtime:2.7.0] AndroidManifest.xml:65:13-37
209        <receiver
209-->[androidx.work:work-runtime:2.7.0] AndroidManifest.xml:67:9-77:20
210            android:name="androidx.work.impl.background.systemalarm.ConstraintProxy$BatteryChargingProxy"
210-->[androidx.work:work-runtime:2.7.0] AndroidManifest.xml:68:13-106
211            android:directBootAware="false"
211-->[androidx.work:work-runtime:2.7.0] AndroidManifest.xml:69:13-44
212            android:enabled="false"
212-->[androidx.work:work-runtime:2.7.0] AndroidManifest.xml:70:13-36
213            android:exported="false" >
213-->[androidx.work:work-runtime:2.7.0] AndroidManifest.xml:71:13-37
214            <intent-filter>
214-->[androidx.work:work-runtime:2.7.0] AndroidManifest.xml:73:13-76:29
215                <action android:name="android.intent.action.ACTION_POWER_CONNECTED" />
215-->[androidx.work:work-runtime:2.7.0] AndroidManifest.xml:74:17-87
215-->[androidx.work:work-runtime:2.7.0] AndroidManifest.xml:74:25-84
216                <action android:name="android.intent.action.ACTION_POWER_DISCONNECTED" />
216-->[androidx.work:work-runtime:2.7.0] AndroidManifest.xml:75:17-90
216-->[androidx.work:work-runtime:2.7.0] AndroidManifest.xml:75:25-87
217            </intent-filter>
218        </receiver>
219        <receiver
219-->[androidx.work:work-runtime:2.7.0] AndroidManifest.xml:78:9-88:20
220            android:name="androidx.work.impl.background.systemalarm.ConstraintProxy$BatteryNotLowProxy"
220-->[androidx.work:work-runtime:2.7.0] AndroidManifest.xml:79:13-104
221            android:directBootAware="false"
221-->[androidx.work:work-runtime:2.7.0] AndroidManifest.xml:80:13-44
222            android:enabled="false"
222-->[androidx.work:work-runtime:2.7.0] AndroidManifest.xml:81:13-36
223            android:exported="false" >
223-->[androidx.work:work-runtime:2.7.0] AndroidManifest.xml:82:13-37
224            <intent-filter>
224-->[androidx.work:work-runtime:2.7.0] AndroidManifest.xml:84:13-87:29
225                <action android:name="android.intent.action.BATTERY_OKAY" />
225-->[androidx.work:work-runtime:2.7.0] AndroidManifest.xml:85:17-77
225-->[androidx.work:work-runtime:2.7.0] AndroidManifest.xml:85:25-74
226                <action android:name="android.intent.action.BATTERY_LOW" />
226-->[androidx.work:work-runtime:2.7.0] AndroidManifest.xml:86:17-76
226-->[androidx.work:work-runtime:2.7.0] AndroidManifest.xml:86:25-73
227            </intent-filter>
228        </receiver>
229        <receiver
229-->[androidx.work:work-runtime:2.7.0] AndroidManifest.xml:89:9-99:20
230            android:name="androidx.work.impl.background.systemalarm.ConstraintProxy$StorageNotLowProxy"
230-->[androidx.work:work-runtime:2.7.0] AndroidManifest.xml:90:13-104
231            android:directBootAware="false"
231-->[androidx.work:work-runtime:2.7.0] AndroidManifest.xml:91:13-44
232            android:enabled="false"
232-->[androidx.work:work-runtime:2.7.0] AndroidManifest.xml:92:13-36
233            android:exported="false" >
233-->[androidx.work:work-runtime:2.7.0] AndroidManifest.xml:93:13-37
234            <intent-filter>
234-->[androidx.work:work-runtime:2.7.0] AndroidManifest.xml:95:13-98:29
235                <action android:name="android.intent.action.DEVICE_STORAGE_LOW" />
235-->[androidx.work:work-runtime:2.7.0] AndroidManifest.xml:96:17-83
235-->[androidx.work:work-runtime:2.7.0] AndroidManifest.xml:96:25-80
236                <action android:name="android.intent.action.DEVICE_STORAGE_OK" />
236-->[androidx.work:work-runtime:2.7.0] AndroidManifest.xml:97:17-82
236-->[androidx.work:work-runtime:2.7.0] AndroidManifest.xml:97:25-79
237            </intent-filter>
238        </receiver>
239        <receiver
239-->[androidx.work:work-runtime:2.7.0] AndroidManifest.xml:100:9-109:20
240            android:name="androidx.work.impl.background.systemalarm.ConstraintProxy$NetworkStateProxy"
240-->[androidx.work:work-runtime:2.7.0] AndroidManifest.xml:101:13-103
241            android:directBootAware="false"
241-->[androidx.work:work-runtime:2.7.0] AndroidManifest.xml:102:13-44
242            android:enabled="false"
242-->[androidx.work:work-runtime:2.7.0] AndroidManifest.xml:103:13-36
243            android:exported="false" >
243-->[androidx.work:work-runtime:2.7.0] AndroidManifest.xml:104:13-37
244            <intent-filter>
244-->[androidx.work:work-runtime:2.7.0] AndroidManifest.xml:106:13-108:29
245                <action android:name="android.net.conn.CONNECTIVITY_CHANGE" />
245-->[androidx.work:work-runtime:2.7.0] AndroidManifest.xml:107:17-79
245-->[androidx.work:work-runtime:2.7.0] AndroidManifest.xml:107:25-76
246            </intent-filter>
247        </receiver>
248        <receiver
248-->[androidx.work:work-runtime:2.7.0] AndroidManifest.xml:110:9-121:20
249            android:name="androidx.work.impl.background.systemalarm.RescheduleReceiver"
249-->[androidx.work:work-runtime:2.7.0] AndroidManifest.xml:111:13-88
250            android:directBootAware="false"
250-->[androidx.work:work-runtime:2.7.0] AndroidManifest.xml:112:13-44
251            android:enabled="false"
251-->[androidx.work:work-runtime:2.7.0] AndroidManifest.xml:113:13-36
252            android:exported="false" >
252-->[androidx.work:work-runtime:2.7.0] AndroidManifest.xml:114:13-37
253            <intent-filter>
253-->[androidx.work:work-runtime:2.7.0] AndroidManifest.xml:116:13-120:29
254                <action android:name="android.intent.action.BOOT_COMPLETED" />
254-->[androidx.work:work-runtime:2.7.0] AndroidManifest.xml:117:17-79
254-->[androidx.work:work-runtime:2.7.0] AndroidManifest.xml:117:25-76
255                <action android:name="android.intent.action.TIME_SET" />
255-->[androidx.work:work-runtime:2.7.0] AndroidManifest.xml:118:17-73
255-->[androidx.work:work-runtime:2.7.0] AndroidManifest.xml:118:25-70
256                <action android:name="android.intent.action.TIMEZONE_CHANGED" />
256-->[androidx.work:work-runtime:2.7.0] AndroidManifest.xml:119:17-81
256-->[androidx.work:work-runtime:2.7.0] AndroidManifest.xml:119:25-78
257            </intent-filter>
258        </receiver>
259        <receiver
259-->[androidx.work:work-runtime:2.7.0] AndroidManifest.xml:122:9-131:20
260            android:name="androidx.work.impl.background.systemalarm.ConstraintProxyUpdateReceiver"
260-->[androidx.work:work-runtime:2.7.0] AndroidManifest.xml:123:13-99
261            android:directBootAware="false"
261-->[androidx.work:work-runtime:2.7.0] AndroidManifest.xml:124:13-44
262            android:enabled="@bool/enable_system_alarm_service_default"
262-->[androidx.work:work-runtime:2.7.0] AndroidManifest.xml:125:13-72
263            android:exported="false" >
263-->[androidx.work:work-runtime:2.7.0] AndroidManifest.xml:126:13-37
264            <intent-filter>
264-->[androidx.work:work-runtime:2.7.0] AndroidManifest.xml:128:13-130:29
265                <action android:name="androidx.work.impl.background.systemalarm.UpdateProxies" />
265-->[androidx.work:work-runtime:2.7.0] AndroidManifest.xml:129:17-98
265-->[androidx.work:work-runtime:2.7.0] AndroidManifest.xml:129:25-95
266            </intent-filter>
267        </receiver>
268        <receiver
268-->[androidx.work:work-runtime:2.7.0] AndroidManifest.xml:132:9-142:20
269            android:name="androidx.work.impl.diagnostics.DiagnosticsReceiver"